<?xml version="1.0" encoding="UTF-8"?>
<!-- Generated by org.testng.reporters.JUnitReportReporter -->
<testsuite hostname="HPP" failures="0" tests="1" name="Assesment5.Assesment5.Test5" time="6.855" errors="0" timestamp="2024-03-23T17:17:10 IST" skipped="0">
  <testcase classname="Assesment5.Assesment5.Test5" name="Test" time="6.855"/>
</testsuite> <!-- Assesment5.Assesment5.Test5 -->
