<?xml version="1.0" encoding="UTF-8"?>
<!-- Generated by org.testng.reporters.JUnitReportReporter -->
<testsuite hostname="HPP" failures="0" tests="1" name="Assesment5.Assesment5.AppTest" time="0.001" errors="0" timestamp="2024-03-23T17:17:10 IST" skipped="0">
  <testcase classname="Assesment5.Assesment5.AppTest" name="testApp" time="0.001"/>
</testsuite> <!-- Assesment5.Assesment5.AppTest -->
